<?xml version="1.0" encoding="UTF-8"?>
<!-- Generated by org.testng.reporters.JUnitXMLReporter -->
<testsuite hostname="Deepti-PC" ignored="0" name="Default test" tests="5" failures="0" timestamp="29 Sep 2018 16:50:39 GMT" time="336.53" errors="0">
  <testcase name="verifyHomePageTitleTest" time="0.018" classname="com.elc.qa.testcases.HomePageTest"/>
  <testcase name="searchTextTest" time="3.932" classname="com.elc.qa.testcases.HomePageTest"/>
  <testcase name="orderHistoryTest" time="4.347" classname="com.elc.qa.testcases.HomePageTest"/>
  <testcase name="shoppingCartSummaryTest" time="3.255" classname="com.elc.qa.testcases.HomePageTest"/>
  <testcase name="womenPageTest" time="6.733" classname="com.elc.qa.testcases.HomePageTest"/>
</testsuite> <!-- Default test -->
