<?xml version="1.0" encoding="UTF-8"?>
<!-- Generated by org.testng.reporters.JUnitXMLReporter -->
<testsuite hostname="Deepti-PC" ignored="0" name="Command line test" tests="5" failures="0" timestamp="02 Oct 2018 04:45:47 GMT" time="180.062" errors="0">
  <testcase name="SignUpBtnTest" time="4.093" classname="com.elc.qa.testcases.SignupPageTest"/>
  <testcase name="enterTextinNameFieldTest" time="5.386" classname="com.elc.qa.testcases.MyWishlistPageTest"/>
  <testcase name="enterTextinNameFieldTest" time="5.793" classname="com.elc.qa.testcases.MyWishlistPageTest"/>
  <testcase name="enterTextinNameFieldTest" time="4.549" classname="com.elc.qa.testcases.MyWishlistPageTest"/>
  <testcase name="enterTextinNameFieldTest" time="4.352" classname="com.elc.qa.testcases.MyWishlistPageTest"/>
</testsuite> <!-- Command line test -->
