<?xml version="1.0" encoding="UTF-8"?>
<!-- Generated by org.testng.reporters.JUnitXMLReporter -->
<testsuite hostname="Deepti-PC" ignored="0" name="elcBuy Test Cases1" tests="3" failures="0" timestamp="01 Oct 2018 07:53:30 GMT" time="144.338" errors="0">
  <testcase name="verifyTitleTest" time="0.061" classname="com.elc.qa.testcases.LoginPageTest"/>
  <testcase name="imageDisplayedTest" time="0.062" classname="com.elc.qa.testcases.LoginPageTest"/>
  <testcase name="loginPageTest" time="10.997" classname="com.elc.qa.testcases.LoginPageTest"/>
</testsuite> <!-- elcBuy Test Cases1 -->
