<?xml version="1.0" encoding="UTF-8"?>
<!-- Generated by org.testng.reporters.JUnitXMLReporter -->
<testsuite hostname="Deepti-PC" ignored="0" name="elcBuy Test Cases" tests="4" failures="0" timestamp="27 Sep 2018 10:04:49 GMT" time="189.937" errors="0">
  <testcase name="verifyTitleTest" time="0.031" classname="com.elc.qa.testcases.LoginPageTest"/>
  <testcase name="verifyHomePageTitleTest" time="0.026" classname="com.elc.qa.testcases.HomePageTest"/>
  <testcase name="verifyProductListPageTitleTest" time="0.016" classname="com.elc.qa.testcases.ProductListPageTest"/>
  <testcase name="imageDisplayedTest" time="0.04" classname="com.elc.qa.testcases.LoginPageTest"/>
</testsuite> <!-- elcBuy Test Cases -->
