<?xml version="1.0" encoding="UTF-8"?>
<!-- Generated by org.testng.reporters.JUnitXMLReporter -->
<testsuite hostname="Deepti-PC" ignored="0" name="Test case 3" tests="4" failures="0" timestamp="27 Sep 2018 18:19:39 GMT" time="227.142" errors="0">
  <testcase name="verifyProductListPageTitleTest" time="0.016" classname="com.elc.qa.testcases.ProductListPageTest"/>
  <testcase name="searchQuantityResultTest" time="5.062" classname="com.elc.qa.testcases.ProductListPageTest"/>
  <testcase name="listIconTest" time="0.151" classname="com.elc.qa.testcases.ProductListPageTest"/>
  <testcase name="sortListVerify" time="3.871" classname="com.elc.qa.testcases.ProductListPageTest"/>
</testsuite> <!-- Test case 3 -->
