<?xml version="1.0" encoding="UTF-8"?>
<!-- Generated by org.testng.reporters.JUnitXMLReporter -->
<testsuite hostname="Deepti-PC" ignored="0" name="Test case 2" tests="5" failures="0" timestamp="01 Oct 2018 07:56:42 GMT" time="191.656" errors="0">
  <testcase name="verifyHomePageTitleTest" time="0.016" classname="com.elc.qa.testcases.HomePageTest"/>
  <testcase name="searchTextTest" time="3.496" classname="com.elc.qa.testcases.HomePageTest"/>
  <testcase name="orderHistoryTest" time="3.298" classname="com.elc.qa.testcases.HomePageTest"/>
  <testcase name="shoppingCartSummaryTest" time="4.533" classname="com.elc.qa.testcases.HomePageTest"/>
  <testcase name="womenPageTest" time="4.471" classname="com.elc.qa.testcases.HomePageTest"/>
</testsuite> <!-- Test case 2 -->
